[    0.000000] Linux version 4.15.0-88-generic (buildd@lgw01-amd64-036) (gcc version 7.4.0 (Ubuntu 7.4.0-1ubuntu1~18.04.1)) #88-Ubuntu SMP Tue Feb 11 20:11:34 UTC 2020 (Ubuntu 4.15.0-88.88-generic 4.15.18)
[    0.000000] Command line: BOOT_IMAGE=/boot/vmlinuz-4.15.0-88-generic root=LABEL=cloudimg-rootfs ro console=tty1 console=ttyS0
[    0.000000] KERNEL supported cpus:
[    0.000000]   Intel GenuineIntel
[    0.000000]   AMD AuthenticAMD
[    0.000000]   Centaur CentaurHauls
[    0.000000] x86/fpu: Supporting XSAVE feature 0x001: 'x87 floating point registers'
[    0.000000] x86/fpu: Supporting XSAVE feature 0x002: 'SSE registers'
[    0.000000] x86/fpu: Supporting XSAVE feature 0x004: 'AVX registers'
[    0.000000] x86/fpu: xstate_offset[2]:  576, xstate_sizes[2]:  256
[    0.000000] x86/fpu: Enabled xstate features 0x7, context size is 832 bytes, using 'standard' format.
[    0.000000] e820: BIOS-provided physical RAM map:
[    0.000000] BIOS-e820: [mem 0x0000000000000000-0x000000000009fbff] usable
[    0.000000] BIOS-e820: [mem 0x000000000009fc00-0x000000000009ffff] reserved
[    0.000000] BIOS-e820: [mem 0x00000000000f0000-0x00000000000fffff] reserved
[    0.000000] BIOS-e820[mem 0x0000000000100000-0x00000000dffeffff] usable
[    0.000000] BIOS-e820: [mem 0x00000000dfff0000-0x00000000dfffffff] ACPI data
[    0.000000] BIOS-e820: [mem 0x00000000fec00000-0x00000000fec00fff] reserved
[    0.000000] BIOS-e820: [m 0x00000000fee00000-0x00000000fee00fff] reserved
[    0.000000] BIOS-e820: [mem 0x00000000fffc0000-0x00000000ffffffff] reserved
[    0.000000] BIOS-e820: [mem 0x0000000100000000-0x000000011fffffff] usable
[    0.000000] NX (Execute Disable) protection: active
[    0.000000] SMBIOS 2.5 present.
[    0.000000] DMI: innotek GmbH VirtualBox/VirtualBox, BIOS VirtualBox 12/01/2006
[    0.000000] Hypervisor detected: KVM
[    0.000000] e820: last_pfn = 0x120000 max_arch_pfn = 0x400000000
[    0.000000] MTRR: Disabled
[    0.000000] x86/PAT: MTRRs disabled, skipping PAT initialization too.
[    0.000000] CPU MTRRs all blank - virtualized system.
[    0.000000] x86/PAT: Configuration [0-7]: WB  WT  UC- UC  WB  WT  UC- UC  
[    0.000000] e820: last_pfn = 0xdfff0 max_arch_pfn = 0x400000000
[    0.000000] found SMP MP-table at [mem 0x0009fff0-0x0009ffff]
[    0.000000] Scanning 1 areas for low memory corruption
[    0.000000] RAMDISK: [mem 0x35a6d000-0x36d2dfff]
[    0.000000] ACPI: Early table checksum verification disabled
[    0.000000] ACPI: RSDP 0x00000000000E0000 000024 (v02 VBOX  )
[    0.000000] ACPI: XSDT 0x00000000DFFF0030 00003C (v01 VBOX   VBOXXSDT 00000001 ASL  00000061)
[    0.000000] ACPI: FACP 0x00000000DFFF00F0 0000F4 (v04 VBOX   VBOXFACP 00000001 ASL  00000061)
[    0.000000] ACPI: DSDT 0x00000000DFFF0470 0021FF (v02 VBOX   VBOXBIOS 00000002 INTL 20180105)
[    0.000000] ACPI: FACS 0x00000000DFFF0200 000040
[    0.000000] ACPI: FACS 0x00000000DFFF0200 000040
[    0.000000] ACPI: APIC 0x00000000DFFF0240 00005C (v02 VBOX   VBOXAPIC 00000001 ASL  00000061)
[    0.000000] ACPI: SSDT 0x00000000DFFF02A0 0001CC (v01 VBOX   VBOXCPUT 00000002 INTL 20180105)
[    0.000000] No NUMA configuration found
[    0.000000] Faking a node at [mem 0x0000000000000000-0x000000011fffffff]
[    0.000000] NODE_DATA(0) allocated [mem 0x11ffd1000-0x11fffbfff]
[    0.000000] kvm-clock: cpu 0, msr 1:1ff50001, primary cpu clock
[    0.000000] kvm-clock: Using msrs 4b564d01 and 4b564d00
[    0.000000] kvm-clock: using sched offset of 3162330212 cycles
[    0.000000] clocksource: kvm-clock: mask: 0xffffffffffffffff max_cycles: 0x1cd42e4dffb, max_idle_ns: 881590591483 ns
[    0.000000] Zone ranges:
[    0.000000]   DMA      [mem 0x0000000000001000-0x0000000000ffffff]
[    0.000000]   DMA32    [mem 0x0000000001000000-0x00000000ffffffff]
[    0.000000]   Normal   [mem 0x0000000100000000-0x000000011fffffff]
[    0.000000]   Device   empty
[    0.000000] Movable zone start for each node
[    0.000000] Early memory node ranges
[    0.000000]   node   0: [mem 0x0000000000001000-0x000000000009efff]
[    0.000000]   node   0: [mem 0x0000000000100000-0x00000000dffeffff]
[    0.000000]   node   0: [mem 0x0000000100000000-0x000000011fffffff]
[    0.000000] Reserved but unavailable: 98 pages
[    0.000000] Initmem setup node 0 [mem 0x0000000000001000-0x000000011fffffff][    0.000000] ACPI: PM-Time IO Port: 0x4008
[    0.000000] IOAPIC[]:apic_id 2, version 32, address 0xfec00000, GSI 0-23
[    0.000000] ACPI: INT_SRC_OVR (bus 0 bus_irq 0 global_irq 2 dfl dfl)
[    0.000000] ACPI: INT_SRC_OVR (bus 0 bus_irq 9 global_irq 9 low level)
[    0.000000] Using ACPI (MADT) for SMP configuration information
[    0.000000] smpboot: Allowing 2 CPUs, 0 hotplug CPUs
[    0.000000] PM: Registered nosave memory: [mem 0x00000000-0x00000fff]
[    0.000000] PM: Registered nosave memory: [mem 0x0009f000-0x0009ffff]
[    0.000000] PM: Registered nosave memory: [mem 0x000a0000-0x000effff]
[    0.000000] PM: Registered nosave memory: [mem 0x000f0000-0x000fffff]
[    0.000000] PM: Registered nosave memory: [mem 0xdfff0000-0xdfffffff]
[    0.000000] PM: Registered nosave memory: [mem 0xe0000000-0xfebfffff]
[    0.000000] PM: Registered nosave memory: [mem 0xfec00000-0xfec00fff]
[    0.000000] PM: Registered nosave memory: [mem 0xfec01000-0xfedfffff]
[    0.000000] PM: Registered nosave memory: [mem 0xfee00000-0xfee00fff]
[    0.000000] PM: Registered nosave memory: [mem 0xfee01000-0xfffbffff]
[    0.000000] PM: Registered nosave memory: [mem 0xfffc0000-0xffffffff]
[    0.000000] e820: [mem 0xe0000000-0xfebfffff] available for PCI devices
[    0.000000] Booting paravirtualized kernel on KVM
[    0.000000] clocksource: refined-jiffies: mask: 0xffffffff max_cycles: 0xffffffff, max_idle_ns: 7645519600211568 ns
[    0.000000] random: get_random_bytes called from start_kernel+0x99/0x4fd with crng_init=0
[    0.000000] setup_percpu: NR_CPUS:8192 nr_cpumask_bits:2 nr_cpu_ids:2 nr_node_ids:1
[    0.000000] percpu: Embedded 45 pages/cpu s147456 r8192 d28672 u1048576
[    0.000000] PV qspinlock hash table entries: 256 (order: 0, 4096 bytes)
[    0.000000] Built 1 zonelists, mobility grouping on.  Total pages: 1032057
[    0.000000] Policy zone: Normal
[    0.000000] Kernel command line: BOOT_IMAGE=/boot/vmlinuz-4.15.0-88-generic root=LABEL=cloudimg-rootfs ro console=tty1 console=ttyS0
[    0.000000] Memory: 4013676K/4193848K available (12300K kernel code, 2481K rwdata, 4264K rodata, 2428K init, 2712K bss, 180172K reserved, 0K cma-reserved)
[    0.000000] SLUB: HWalign=64, Order=0-3, MinObjects=0, CPUs=2, Nodes=1
[    0.000000] Kernel/User page tables isolation: enabled
[    0.000000] ftrace: allocating 39344 entries in 154 pages
[    0.004000] Hierarchical RCU implementation.
[    0.004000] 	RCU resriting CPUs from NR_CPUS=8192 to nr_cpu_ids=2.
[    0.004000] 	Tasks RCU enabled.
[    0.004000] RCU: Adjusting geometry for rcu_fanout_leaf=16, nr_cpu_ids=2
[    0.004000] NR_IRQS: 524544, nr_irqs: 440, preallocated irqs: 16
[    0.004000] Console: colour VGA+ 80x25
[    0.004000] console [tty1] enabled
[    0.004000] console [ttyS0] enabled
[    0.004000] ACPI: Core revision 20170831
[    0.004000] ACPI: 2 ACPI AML tables successfully acquired and loaded
[    0.004000] APIC: Switch to symmetric I/O mode setup
[    0.004000] x2apic enabled
[    0.004007] Switched APIC routing to physical x2apic.
[    0.009034] ..TIMER: vector=0x30 apic1=0 pin1=2 apic2=-1 pin2=-1
[    0.012003] tsc: Detected 2807.970 MHz processor
[    0.012703] Calibrating delay loop (skipped) preset value.. 5615.94 BogoMIPS (lpj=11231880)
[    0.013234] pid_max: default: 32768 minimum: 301
[    0.016034] Security Framework initialized
[    0.016664] Yama: becoming mindful.
[    0.017231] AppArmor: AppArmor initialized
[    0.019243] Dentry cache hash table entries: 524288 (order: 10, 4194304 bytes)
[    0.020662] Inode-cache hash table entries: 262144 (order: 9, 2097152 bytes)
[    0.024023] Mount-cache hash table entries: 8192 (order: 4, 65536 bytes)
[    0.025017] Mountpoint-cache hash table entries: 8192 (order: 4, 65536 bytes)
[    0.026259] Last level iTLB entries: 4KB 64, 2MB 8, 4MB 8
[    0.026973] Last level dTLB entries: 4KB 64, 2MB 0, 4MB 0, 1GB 4
[    0.028002] Spectre V1 : Mitigation: usercopy/swapgs barriers and __user pointer sanitization
[    0.029096] Spectre V2 : Mitigation: Full generic retpoline
[    0.030819] Spectre V2 : Spectre v2 / SpectreRSB mitigation: Filling RSB on context switch
[    0.032014] Speculative Store Bypass: Vulnerable
[    0.032627] MDS: Mitigation: Clear CPU buffers
[    0.033317] Freeing SMP alternatives memory: 36K
[    0.148000] smpboot: CPU0: Intel(R) Core(TM) i7-7700HQ CPU @ 2.80GHz (family: 0x6, model: 0x9e, stepping: 0x9)
[    0.148069] Performance Events: unsupported p6 CPU model 158 no PMU driver, software events only.
[    0.152029] Hierarchical SRCU implementation.
[    0.156498] NMI watchdog: Perf event create on CPU 0 failed with -2
[    0.157256] NMI watchdog: Perf NMI watchdog permanently disabled
[    0.158013] smp: Bringing up secondary CPUs ...
[    0.159070] x86: Booting SMP configuration:
[    0.159643] .... node  #0, CPUs:      #1
[    0.004000] kvm-clock: cpu 1, msr 1:1ff50041, secondary cpu clock
[    0.163420] smp: Brought up 1 node, 2 CPUs
[    0.164003] smpboot: Max logical packages: 1
[    0.164544] smpboot: Total of 2 processors activated (11231.88 BogoMIPS)
[    0.168146] devtmpfs: initialized
[    0.172044] x86/mm: Memory block size: 128MB
[    0.176250] evm: security.selinux
[    0.180002] evm: security.SMACK64
[    0.184001] evm: security.SMACK64EXEC
[    0.187747] evm: security.SMACK64TRANSMUTE
[    0.188001] evm: security.SMACK64MMAP
[    0.192001] evm: security.apparmor
[    0.196001] evm: security.ima
[    0.200001] evm: security.capability
[    0.204098] clocksource: jiffies: mask: 0xffffffff max_cycles: 0xffffffff, max_idle_ns: 7645041785100000 ns
[    0.208011] futex hash table entries: 512 (order: 3, 32768 bytes)
[    0.212057] pinctrl core: initialized pinctrl subsystem
[    0.216086] RTC time: 19:32:45, date: 04/09/20
[    0.220175] NET: Registered protocol family 16
[    0.224067] audit: initializing netlink subsys (disabled)
[    0.228036] audit: type=2000 audit(1586460764.720:1): state=initialized audit_enabled=0 res=1
[    0.304009] cpuidle: using governor ladder
[    0.304718] cpuidle: using governor menu
[    0.306335] ACPI: bus type PCI registered
[    0.307936] acpiphp: ACPI Hot Plug PCI Controller Driver version: 0.5
[    0.312013] PCI: Using configuration type 1 for base access
[    0.312941] HugeTLB registered 2.00 MiB page size, pre-allocated 0 pages
[    0.313117] ACPI: Added _OSI(Module Device)
[    0.316008] ACPI: Added _OSI(Processor Device)
[    0.316750] ACPI: Added _OSI(3.0 _SCP Extensions)
[    0.317531] ACPI: Added _OSI(Processor Aggregator Device)
[    0.320003] ACPI: Added _OSI(Linux-Dell-Video)
[    0.324002] ACPI: Added _OSI(Linux-Lenovo-NV-HDMI-Audio)
[    0.324801] ACPI: Added _OSI(Linux-HPI-Hybrid-Graphics)
[    0.325744] ACPI: Executed 1 blocks of module-level executable AML code
[    0.329791] ACPI: Interpreter enabled
[    0.330328] ACPI: (supports S0 S5)
[    0.330790] ACPI: Using IOAPIC for interrupt routing
[    0.331675] PCI: Using host bridge windows from ACPI; if necessary, use "pci=nocrs" and report a bug
[    0.332145] ACPI: Enabled 2 GPEs in block 00 to 07
[    0.340369] ACPI: PCI Root Bridge [PCI0] (domain 0000 [bus 00-ff])
[    0.344005] acpi PNP0A03:00: _OSC: OS supports [ASPM ClockPM Segments MSI]
[    0.348019] acpi PNP0A03:00: _OSC: not requesting OS control; OS requires [ExtendedConfig ASPM ClockPM MSI]
[    0.349245] acpi PNP0A03:00: fail to add MMCONFIG information, can't access extended PCI configuration space under this bridge.
[    0.352240] PCI host bridge to bus 0000:00
[    0.352825] pci_bus 0000:00: root bus resource [io  0x0000-0x0cf7 window]
[    0.356003] pci_bus 0000:00: root bus resource [io  0x0d00-0xffff window]
[    0.356810] pci_bus 0000:00: root bus resource [mem 0x000a0000-0x000bffff window]
[    0.360002] pci_bus 0000:00: root bus resource [mem 0xe0000000-0xfdffffff window]
[    0.364002] pci_bus 0000:00: root bus resource [bus 00-ff]
[    0.369301] pci 0000:00:01.1: legacy IDE quirk: reg 0x10: [io  0x01f0-0x01f7]
[    0.372002] pci 0000:00:01.1: legacy IDE quirk: reg 0x14: [io  0x03f6]
[    0.372781] pci 0000:00:01.1: legacy IDE quirk: reg 0x18: [io  0x0170-0x0177]
[    0.373660] pci 0000:00:01.1: legacy IDE quirk: reg 0x1c: [io  0x0376]
[    0.407809] pci 0000:00:07.0: quirk: [io  0x4000-0x403f] claimed by PIIX4 ACPI
[    0.408010] pci 0000:00:07.0: quirk: [io  0x4100-0x410f] claimed by PIIX4 SMB
[    0.433169] ACPI: PCI Interrupt Link [LNKA] (IRQs 5 9 10 *11)
[    0.436349] ACPI: PCI Interrupt Link [LNKB] (IRQs 5 9 *10 11)
[    0.437285] ACPI: PCI Interrupt Link [LNKC] (IRQs 5 *9 10 11)
[    0.438194] ACPI: PCI Interrupt Link [LNKD] (IRQs 5 9 10 *11)
[    0.440350] SCSI subsystem initialized
[    0.440928] pci 0000:00:02.0: vgaarb: setting as boot VGA device
[    0.440928] pci 0000:00:02.0: vgaarb: VGA device added: decodes=io+mem,owns=io+mem,locks=none
[    0.444015] pci 0000:00:02.0: vgaarb: bridge control possible
[    0.444736] vgaarb: loaded
[    0.445153] ACPI: bus type USB registered
[    0.448033] usbcore: registered new interface driver usbfs
[    0.452018] usbcore: registered new interface driver hub
[    0.452742] usbcore: registered new device driver usb
[    0.453463] EDAC MC: Ver: 3.0.0
[    0.453463] PCI: Using ACPI for IRQ routing
[    0.456214] NetLabel: Initializing
[    0.456681] NetLabel:  domain hash size = 128
[    0.457260] NetLabel:  protocols = UNLABELED CIPSOv4 CALIPSO
[    0.460022] NetLabel:  unlabeled traffic allowed by default
[    0.464067] clocksource: Switched to clocksource kvm-clock
[    0.474932] VFS: Disk quotas dquot_6.6.0
[    0.476591] VFS: Dquot-cache hash table entries: 512 (order 0, 4096 bytes)
[    0.477484] AppArmor: AppArmor Filesystem Enabled
[   0.47136] pnp: PnP ACPI init
[    0.523667] pnp: PnP ACPI: found 3 devices

[   5352] clocksource: acp_pm: mask: 0xffffff max_cycles: 0xffffff, max_idle_ns: 2085701024 ns
[   0.665531] NET: Registered protocol family 2

[    0.688269] TCP established hash table entries: 32768 (order: 6, 262144 bytes)
[    0.689254] TCP bind hash table entries: 32768 (order: 7, 524288 bytes)
[    0.690096] TCP: Hash tables configured (established 32768 bind 32768)
[   07060 U hh bl entries: 2048 (order: 4, 65536 bytes)
[    0.962120] UDP-Lite hash table entries: 2048 (order: 4, 65536 bytes)
[   062998] NET: Registered protocol family 1
[    1.029822] pci 0000:00:00.0: Limiting direct PCI/PCI transfers
[    1.030817] pci 0000:00:01.0: Activating ISA DMA hang workarounds
[    1.031830] pci 0000:00:02.0: Video device with shadowed ROM at [mem 0x000c0000-0x000dffff]
[    1.033284] Unpacking initramfs...

[    1.270299] Freeing initrd memory: 19204K
[    1.280614] PCI-DMA: Using software bounce buffering for IO (SWIOTLB)
[    1.304548] software IO TLB: mapped [mem 0xdbff0000-0xdfff0000] (64MB)
[    1.305421] clocksource: tsc: mask: 0xffffffffffffffff max_cycles: 0x2879a98aa49, max_idle_ns: 440795226023 ns
[    1.306738] platform rtc_cmos: registered platform RTC device (no PNP device found)
[    1.307730] Scanning for low memory corruption every 60 seconds
[    1.309694] Initialise system trusted keyrings
[    1.310281] Key type blacklist registered
[    1.311103] workingset: timestamp_bits=36 max_order=20 bucket_order=0
[    1.312894] zbud: loaded
[    1.314165] squashfs: version 4.0 (2009/01/31) Phillip Lougher
[    1.315120] fuse init (API version 7.26)
[    1.323850] Key type asymmetric registered
[    1.324427] Asymmetric key parser 'x509' registered
[    1.325083] Block layer SCSI generic (bsg) driver version 0.4 loaded (major 246)
[    1.329062] io scheduler noop registered
[    1.345229] io scheduler deadline registered
[    1.345843] io scheduler cfq registered (default)
[    1.346737] ACPI: AC Adapter [AC] (on-line)
[    1.352664] input: Power Button as /devices/LNXSYSTM:00/LNXPWRBN:00/input/input0
[    1.353682] ACPI: Power Button [PWRF]
[    1.354238] input: Sleep Button as /devices/LNXSYSTM:00/LNXSLPBN:00/input/input1
[    1.355211] ACPI: Sleep Button [SLPF]
[    1.363094] ACPI: Battery Slot [BAT0] (battery present)
[    1.363945] Serial: 8250/16550 driver, 32 ports, IRQ sharing enabled
[    1.453499] 00:02: ttyS0 at I/O 0x3f8 (irq = 4, base_baud = 115200) is a 16550A
[    1.457280] Linux agpgart interface v0.103
[    1.459719] loop: module loaded
[    1.460780] scsi host0: ata_piix
[    1.461532] scsi host1: ata_piix
[    1.462128] ata1: PATA max UDMA/33 cmd 0x1f0 ctl 0x3f6 bmdma 0xd000 irq 14
[    1.463385] ata2: PATA max UDMA/33 cmd 0x170 ctl 0x376 bmdma 0xd008 irq 15
[    1.464596] libphy: Fixed MDIO Bus: probed
[    1.465464] tun: Universal TUN/TAP device driver, 1.6
[    1.466342] PPP generic driver version 2.4.2
[    1.467187] ehci_hcd: USB 2.0 'Enhanced' Host Controller (EHCI) Driver
[    1.468188] ehci-pci: EHCI PCI platform driver
[    1.468896] ehci-platform: EHCI generic platform driver
[    1.469711] ohci_hcd: USB 1.1 'Open' Host Controller (OHCI) Driver
[    1.470793] ohci-pci: OHCI PCI platform driver
[    1.471846] ohci-platform: OHCI generic platform driver
[    1.472747] uhci_hcd: USB Universal Host Controller Interface driver
[    1.473828] i8042: PNP: PS/2 Controller [PNP0303:PS2K,PNP0f03:PS2M] at 0x60,0x64 irq 1,12
[    1.475530] serio: i8042 KBD port at 0x60,0x64 irq 1
[    1.476383] serio: i8042 AUX port at 0x60,0x64 irq 12
[    1.477383] mousedev: PS/2 mouse device common for all mice
[    1.478892] input: AT Translated Set 2 keyboard as /devices/platform/i8042/serio0/input/input2
[    1.480063] rtc_cmos rtc_cmos: rtc core: registered rtc_cmos as rtc0
[    1.481179] rtc_cmos rtc_cmos: alarms up to one day, 114 bytes nvram
[    1.481992] i2c /dev entries driver
[    1.482613] device-mapper: uevent: version 1.0.3
[    1.483319] device-mapper: ioctl: 4.37.0-ioctl (2017-09-20) initialised: dm-devel@redhat.com
[    1.484480] ledtrig-cpu: registered to indicate activity on CPUs
[    1.485594] NET: Registered protocol family 10
[    1.489241] Segment Routing with IPv6
[    1.774577] NET: Registered protocol family 17
[    1.976137] Key type dns_resolver registered
[    2.044902] mce: Using 0 MCE banks
[    2.093502] RAS: Correctable Errors collector initialized.
[    2.094341] sched_clock: Marking stable (2093460579, 0)->(7685400777, -5591940198)
[    2.095990] registered taskstats version 1
[    2.096727] Loading compiled-in X.509 certificates
[    2.099674] Loaded X.509 cert 'Build time autogenerated kernel key: f0020782f0d3a548186fb3f47aed88387a71e859'
[    2.101327] zswap: loaded using pool lzo/zbud
[    2.105365] Key type big_key registered
[    2.106057] Key type trusted registered
[    2.108311] Key type encrypted registered
[    2.114803] AppArmor: AppArmor sha1 policy hashing enabled
[    2.115534] ima: No TPM chip found, activating TPM-bypass! (rc=-19)
[    2.116383] ima: Allocated hash algorithm: sha1
[    2.116998] evm: HMAC attrs: 0x1
[    2.117641]   Magic number: 0:158:546
[    2.118157] tty ttyS22: hash matches
[    2.118661] mem null: hash matches
[    2.119206] rtc_cmos rtc_cmos: setting system clock to 2020-04-09 19:32:47 UTC (1586460767)
[    2.120389] BIOS EDD facility v0.16 2004-Jun-25, 0 devices found
[    2.144489] EDD information not available.
[    2.157100] Freeing unused kernel image memory: 2428K
[    2.180229] Write protecting the kernel read-only data: 20480k
[    2.275373] Freeing unused kernel image memory: 2008K
[    2.355008] Freeing unused kernel image memory: 1880K
[    2.361227] x86/mm: Checked W+X mappings: passed, no W+X pages found.
[    2.424825] x86/mm: Checking user space page tables
[    2.430927] x86/mm: Checked W+X mappings: passed, no W+X pages found.
Loading, please wait...
starting version 237
[    2.707098] e1000: Intel(R) PRO/1000 Network Driver - version 7.3.21-k8-NAPI
[    2.800839] e1000: Copyright (c) 1999-2006 Intel Corporation.
[    2.805231] Fusion MPT base driver 3.04.20
[    2.805815] Copyright (c) 1999-2008 LSI Corporation
[    2.817305] AVX2 version of gcm_enc/dec engaged.
[    2.976816] AES CTR mode by8 optimization enabled
[    3.146065] input: ImExPS/2 Generic Explorer Mouse as /devices/platform/i8042/serio1/input/input4
[    3.151797] Fusion MPT SPI Host driver 3.04.20
[    3.495355] e1000 0000:00:03.0 eth0: (PCI:33MHz:32-bit) 02:2a:ce:cf:0d:74
[    4.134409] e1000 0000:00:03.0 eth0: Intel(R) PRO/1000 Network Connection
[    4.205866] mptbase: ioc0: Initiating bringup
[    4.300805] ioc0: LSI53C1030 A0: Capabilities={Initiator}
[    4.809641] scsi host2: ioc0: LSI53C1030 A0, FwRev=00000000h, Ports=1, MaxQ=256, IRQ=20
[    5.009487] scsi 2:0:0:0: Direct-Access     VBOX     HARDDISK         1.0  PQ: 0 ANSI: 5
[    5.276101] scsi target2:0:0: Beginning Domain Validation
[    5.277977] scsi target2:0:0: Domain Validation skipping write tests
[    5.279123] scsi target2:0:0: Ending Domain Validation
[    5.279936] scsi target2:0:0: asynchronous
[    5.280853] scsi 2:0:1:0: Direct-Access     VBOX     HARDDISK         1.0  PQ: 0 ANSI: 5
[    5.371703] scsi target2:0:1: Beginning Domain Validation
[    5.383372] e1000 0000:00:08.0 eth1: (PCI:33MHz:32-bit) 08:00:27:f8:29:d4
[    5.416203] random: fast init done
[    5.584604] e1000 0000:00:08.0 eth1: Intel(R) PRO/1000 Network Connection
[    5.585566] scsi target2:0:1: Domain Validation skipping write tests
[    5.822809] scsi target2:0:1: Ending Domain Validation
[    5.827195] random: systemd-udevd: uninitialized urandom read (16 bytes read)
[    5.827333] scsi target2:0:1: asynchronous
[    5.828431] random: systemd-udevd: uninitialized urandom read (16 bytes read)
[    5.831935] sd 2:0:0:0: [sda] 20971520 512-byte logical blocks: (10.7 GB/10.0 GiB)
[    5.856204] sd 2:0:0:0: Attached scsi generic sg0 type 0
[    5.857246] sd 2:0:0:0: [sda] Write Protect is off
[    5.904774] random: systemd-udevd: uninitialized urandom read (16 bytes read)
[    5.907056] e1000 0000:00:03.0 enp0s3: renamed from eth0
[    5.911699] sd 2:0:0:0: [sda] Incomplete mode parameter data
[    5.912483] sd 2:0:0:0: [sda] Assuming drive cache: write through
[    5.917699] sd 2:0:1:0: Attached scsi generic sg1 type 0
[    5.968136] e1000 0000:00:08.0 enp0s8: renamed from eth1
[    5.969206] sd 2:0:1:0: [sdb] 20480 512-byte logical blocks: (10.5 MB/10.0 MiB)
[    5.970535] sd 2:0:1:0: [sdb] Write Protect is off
[    5.971563] sd 2:0:1:0: [sdb] Incomplete mode parameter data
[    5.972476] sd 2:0:1:0: [sdb] Assuming drive cache: write through
[    5.981003]  sda: sda1
[    5.982479] sd 2:0:0:0: [sda] Attached SCSI disk
[    5.983455] sd 2:0:1:0: [sdb] Attached SCSI disk
Begin: Loading essential drivers[    7.404278] raid6: sse2x1   gen() 14489 MB/s
 ... [    7.572147] raid6: sse2x1   xor()  8772 MB/s
[    8.024248] raid6: sse2x2   gen() 17920 MB/s
[    8.516643] raid6: sse2x2   xor() 10124 MB/s
[    8.634279] raid6: sse2x4   gen() 18066 MB/s
[    8.724257] raid6: sse2x4   xor() 11202 MB/s
[    8.814268] raid6: avx2x1   gen() 25474 MB/s
[    8.914241] raid6: avx2x1   xor() 18122 MB/s
[    8.960071] raid6: avx2x2   gen() 28907 MB/s
[    9.220265] raid6: avx2x2   xor() 18613 MB/s
[    9.694284] raid6: avx2x4   gen() 37787 MB/s
[   10.052828] raid6: avx2x4   xor() 22277 MB/s
[   10.054769] raid6: using algorithm avx2x4 gen() 37787 MB/s
[   10.154797] raid6: .... xor() 22277 MB/s, rmw enabled
[   10.204762] raid6: using avx2x2 recovery algorithm
[   10.275911] xor: automatically using best checksumming function   avx       
[   10.404315] async_tx: api initialized (async)
done.
Begin: Running /scripts/init-premount ... done.
Begin: Mounting root file system ... Begin: Running /scripts/local-top ... done.
Begin: Running /scripts/local-premount ... [   10.472463] Btrfs loaded, crc32c=crc32c-intel
Scanning for Btrfs filesystems
done.
Warning: fsck not present, so skipping root file system
[   10.503556] EXT4-fs (sda1): mounted filesystem with ordered data mode. Opts: (null)
done.
Begin: Running /scripts/local-bottom ... done.
Begin: Running /scripts/init-bottom ... done.
[   10.714807] ip_tables: (C) 2000-2006 Netfilter Core Team
[   10.721614] systemd[1]: systemd 237 running in system mode. (+PAM +AUDIT +SELINUX +IMA +APPARMOR +SMACK +SYSVINIT +UTMP +LIBCRYPTSETUP +GCRYPT +GNUTLS +ACL +XZ +LZ4 +SECCOMP +BLKID +ELFUTILS +KMOD -IDN2 +IDN -PCRE2 default-hierarchy=hybrid)
[   10.725097] systemd[1]: Detected virtualization oracle.
[   10.725999] systemd[1]: Detected architecture x86-64.

Welcome to [1mUbuntu 18.04.4 LTS[0m!

[   10.760403] systemd[1]: Set hostname to <ubuntu>.
[   10.768768] systemd[1]: Initializing machine ID from random generator.
[   10.769667] systemd[1]: Installed transient /etc/machine-id file.
[   10.997577] systemd[1]: Created slice User and Session Slice.
[[0;32m  OK  [0m] Created slice User and Session Slice.
[   11.015635] systemd[1]: Started Forward Password Requests to Wall Directory Watch.
[[0;32m  OK  [0m] Started Forward Password Requests to Wall Directory Watch.
[   11.017766] systemd[1]: Reached target System Time Synchronized.
[[0;32m  OK  [0m] Reached target System Time Synchronized.
[   11.035730] systemd[1]: Reached target Swap.
[[0;32m  OK  [0m] Reached target Swap.
[[0;32m  OK  [0m] Set up automount Arbitrary Executab…rmats File System Automount Point.
[[0;32m  OK  [0m] Created slice System Slice.
[[0;32m  OK  [0m] Listening on Journal Socket.
[[0;32m  OK  [0m] Listening on LVM2 metadata daemon socket.
         Starting Uncomplicated firewall...
[[0;32m  OK  [0m] Listening on Journal Socket (/dev/log).
[[0;32m  OK  [0m] Reached target Slices.
[[0;32m  OK  [0m] Listening on /dev/initctl Compatibility Named Pipe.
         Starting Create list of required st…ce nodes for the current kernel...
         Starting Set the console keyboard layout...
[[0;32m  OK  [0m] Listening on Syslog Socket.
[[0;32m  OK  [0m] Listening on Device-mapper event daemon FIFOs.
         Starting Monitoring of LVM2 mirrors…ng dmeventd or progress polling...
[[0;32m  OK  [0m] Listening on udev Kernel Socket.
         Mounting Huge Pages File System...
[[0;32m  OK  [0m] Created slice system-serial\x2dgetty.slice.
[[0;32m  OK  [0m] Listening on Journal Audit Socket.
         Starting Journal Service...
         Starting Remount Root and Kernel File Systems...
[   11.205959] EXT4-fs (sda1): re-mounted. Opts: (null)
         Starting Load Kernel Modules...
         Mountin[   11.339923] Loading iSCSI transport class v2.0-870.
g Kernel Debug F[   11.477396] iscsi: registered transport (tcp)
ile System...
[[0;32m  OK  [[   11.594889] iscsi: registered transport (iser)
0m] Listening on LVM2 poll daemon socket.
[[0;32m  OK  [0m] Reached target User and Group Name Lookups.
[[0;32m  OK  [0m] Listening on udev Control Socket.
         Starting udev Coldplug all Devices...
         Mounting POSIX Message Queue File System...
[[0;32m  OK  [0m] Listening on Network Service Netlink Socket.
[[0;32m  OK  [0m] Started Journal Service.
[[0;32m  OK  [0m] Started Uncomplicated firewall.
[[0;32m  OK  [0m] Started Create list of required sta…vice nodes for the current kernel.
[[0;32m  OK  [0m] Started Set the console keyboard layout.
[[0;32m  OK  [0m] Mounted Huge Pages File System.
[[0;32m  OK  [0m] Started Remount Root and Kernel File Systems.
[[0;32m  OK  [0m] Started Load Kernel Modules.
[[0;32m  OK  [0m] Mounted Kernel Debug File System.
[[0;32m  OK  [0m] Mounted POSIX Message Queue File System.
[[0;32m  OK  [0m] Started LVM2 metadata daemon.
         Starting Apply Kernel Variables...
         Mounting FUSE Control File System...
         Mounting Kernel Configuration File System...
         Starting Load/Save Random Seed...
         Starting Create Static Device Nodes in /dev...
         Starting Flush Journal to Persistent Storage...
[[0;32m  OK  [0m] Started Monitoring of LVM2 mirrors,…sing dmeventd or progress polling.
[[0;32m  OK  [0m] Started udev Coldplug all Devices.
[[0;32m  OK  [0m] Started Apply Kernel Variables.
[[0;32m  OK  [0m] Mounted FUSE Control File System.
[[0;32m  OK  [0m] Mounted Kernel Configuration File System.
[[0;32m  OK  [0m] Started Load/Save Random Seed.
[[0;32m  OK  [0m] Started Create Static Device Nodes in /dev.
         Starting udev Kernel Device Manager...
[[0;32m  OK  [0m] Reached target Local File Systems (Pre).
[[0;32m  OK  [0m] Reached target Local File Systems.
         Starting AppArmor initialization...
         Starting Tell Plymouth To Write Out Runtime Data...
         Starting Set console font and keymap...
         Starting ebtables ruleset management...
         Starting Commit a transient machine-id on disk...
[[0;32m  OK  [0m] Started Flush Journal to Persistent Storage.
         Starting Create Volatile Files and Directories...
[[0;32m  OK  [0m] Started Tell Plymouth To Write Out Runtime Data.
[[0;32m  OK  [0m] Started udev Kernel Device Manager.
[[0;32m  OK  [0m] Started Dispatch Password Requests to Console Directory Watch.
[[0;32m  OK  [0m] Reached target Local Encrypted Volumes.
[[0;32m  OK  [0m] Started Set console font and keymap.
[[0;32m  OK  [0m] Started Create Volatile Files and Directories.
         Starting Update UTMP about System Boot/Shutdown...
[[0;32m  OK  [0m] Started Update UTMP about System Boot/Shutdown.
[[0;32m  OK  [0m] Started Commit a transient machine-id on disk.
[[0;32m  OK  [0m] Started ebtables ruleset management.
[[0;32m  OK  [0m] Found device /dev/ttyS0.
[[0;32m  OK  [0m] Listening on Load/Save RF Kill Switch Status /dev/rfkill Watch.
[[0;32m  OK  [0m] Started AppArmor initialization.
         Starting Initial cloud-init job (pre-networking)...
[   13.981672] cloud-init[551]: Cloud-init v. 19.4-33-gbb4131a2-0ubuntu1~18.04.1 running 'init-local' at Thu, 09 Apr 2020 19:32:59 +0000. Up 13.68 seconds.
[[0;32m  OK  [0m] Started Initial cloud-init job (pre-networking).
[[0;32m  OK  [0m] Reached target Network (Pre).
         Starting Network Service...
[[0;32m  OK  [0m] Started Network Service.
         Starting Wait for Network to be Configured...
         Starting Network Name Resolution...
[[0;32m  OK  [0m] Started Network Name Resolution.
[[0;32m  OK  [0m] Reached target Network.
[[0;32m  OK  [0m] Reached target Host and Network Name Lookups.
[[0;32m  OK  [0m] Started Wait for Network to be Configured.
         Starting Initial cloud-init job (metadata service crawler)...
[   16.332307] cloud-init[655]: Cloud-init v. 19.4-33-gbb4131a2-0ubuntu1~18.04.1 running 'init' at Thu, 09 Apr 2020 19:33:01 +0000. Up 16.22 seconds.
[   16.336405] cloud-init[655]: ci-info: ++++++++++++++++++++++++++++++++++++++Net device info++++++++++++++++++++++++++++++++++++++
[   16.361020] cloud-init[655]: ci-info: +--------+-------+---------------------------+---------------+--------+-------------------+
[   16.371253] cloud-init[655]: ci-info: | Device |   Up  |          Address          |      Mask     | Scope  |     Hw-Address    |
[   16.385434] cloud-init[655]: ci-info: +--------+-------+---------------------------+---------------+--------+-------------------+
[   16.428077] cloud-init[655]: ci-info: | enp0s3 |  True |         10.0.2.15         | 255.255.255.0 | global | 02:2a:ce:cf:0d:74 |
[   16.430396] cloud-init[655]: ci-info: | enp0s3 |  True | fe80::2a:ceff:fecf:d74/64 |       .       |  link  | 02:2a:ce:cf:0d:74 |
[   16.432551] cloud-init[655]: ci-info: | enp0s8 | False |             .             |       .       |   .    | 08:00:27:f8:29:d4 |
[   16.434280] cloud-init[655]: ci-info: |   lo   |  True |         127.0.0.1         |   255.0.0.0   |  host  |         .         |
[   16.435933] cloud-init[655]: ci-info: |   lo   |  True |          ::1/128          |       .       |  host  |         .         |
[   16.443445] cloud-init[655]: ci-info: +--------+-------+---------------------------+---------------+--------+-------------------+
[   16.445180] cloud-init[655]: ci-info: ++++++++++++++++++++++++++++Route IPv4 info+++++++++++++++++++++++++++++
[   16.446695] cloud-init[655]: ci-info: +-------+-------------+----------+-----------------+-----------+-------+
[   16.448573] cloud-init[655]: ci-info: | Route | Destination | Gateway  |     Genmask     | Interface | Flags |
[   16.450070] cloud-init[655]: ci-info: +-------+-------------+----------+-----------------+-----------+-------+
[   16.451376] cloud-init[655]: ci-info: |   0   |   0.0.0.0   | 10.0.2.2 |     0.0.0.0     |   enp0s3  |   UG  |
[   16.492303] cloud-init[655]: ci-info: |   1   |   10.0.2.0  | 0.0.0.0  |  255.255.255.0  |   enp0s3  |   U   |
[   16.509719] cloud-init[655]: ci-info: |   2   |   10.0.2.2  | 0.0.0.0  | 255.255.255.255 |   enp0s3  |   UH  |
[   16.511298] cloud-init[655]: ci-info: +-------+-------------+----------+-----------------+-----------+-------+
[   16.513685] cloud-init[655]: ci-info: +++++++++++++++++++Route IPv6 info+++++++++++++++++++
[   16.514938] cloud-init[655]: ci-info: +-------+-------------+---------+-----------+-------+
[   16.516236] cloud-init[655]: ci-info: | Route | Destination | Gateway | Interface | Flags |
[   16.517478] cloud-init[655]: ci-info: +-------+-------------+---------+-----------+-------+
[   16.518748] cloud-init[655]: ci-info: |   1   |  fe80::/64  |    ::   |   enp0s3  |   U   |
[   16.520096] cloud-init[655]: ci-info: |   3   |    local    |    ::   |   enp0s3  |   U   |
[   16.521316] cloud-init[655]: ci-info: |   4   |   ff00::/8  |    ::   |   enp0s3  |   U   |
[   16.522514] cloud-init[655]: ci-info: +-------+-------------+---------+-----------+-------+
[   17.024475] cloud-init[655]: Generating public/private rsa key pair.
[[0;32m  OK  [0m] Started Initial cloud-init job (metadata service crawler).
[[0;32m  OK  [0m] Reached target Cloud-config availability.
[[0;32m  OK  [0m] Reached target System Initialization.
[[0;32m  OK  [0m[   17.074196] cloud-init[655]: Your identification has been saved in /etc/ssh/ssh_host_rsa_key.
[   17.113761] cloud-init[655]: Your public key has been saved in /etc/ssh/ssh_host_rsa_key.pub.
[   17.113868] cloud-init[655]: The key fingerprint is:
[   17.114025] cloud-init[655]: SHA256:gqZyOoZg0TsjQeBbTSkzMWGRqVyjxfsUwbcLyvqokNo root@ubuntu-bionic
[   17.114185] cloud-init[655]: The key's randomart image is:
[   17.114512] cloud-init[655]: +---[RSA 2048]----+
[   17.114681] cloud-init[655]: |o .*Boo          |
[   17.115009] cloud-init[655]: |...@++ .         |
[   17.115176] cloud-init[655]: |o.*.*.o .        |
[   17.115340] cloud-init[655]: | *oo + .         |
[   17.115498] cloud-init[655]: | .+ B o S        |
[   17.115664] cloud-init[655]: |.+ O . o         |
[   17.115830] cloud-init[655]: |B = o            |
[   17.115986] cloud-init[655]: |=B.              |
[   17.116323] cloud-init[655]: |*oE.             |
[   17.116486] cloud-init[655]: +----[SHA256]-----+
[   17.116651] cloud-init[655]: Generating public/private dsa key pair.
[   17.116809] cloud-init[655]: Your identification has been saved in /etc/ssh/ssh_host_dsa_key.
[   17.116974] cloud-init[655]: Your public key has been saved in /etc/ssh/ssh_host_dsa_key.pub.
[   17.117134] cloud-init[655]: The key fingerprint is:
[   17.117469] cloud-init[655]: SHA256:ZoM6+yzGdQ0/VYt76drns9cFRzwXVdYj/6cjkt7m2/A root@ubuntu-bionic
[   17.117632] cloud-init[655]: The key's randomart image is:
[   17.117822] cloud-init[655]: ] Listening on UUID daemon activation socket.+---[DSA 1024]----+

[   17.117874] cloud-init[655]: |               oO|
         [   17.194626] Starting Socket activation for snappy daemon.cloud-init[655]: 
|             ..+=|
[[   17.204175] cloud-init[655]: |             ooo+|
[   17.204310] cloud-init[655]: |       ..   o o..|
[   17.204726] cloud-init[655]: |      . S+ . . +.|
[   17.205153] cloud-init[655]: |     ..o..+ . o +|
[   17.205593] cloud-init[655]: |   .o. .   o.o .+|
[   17.206024] cloud-init[655]: |    ++    o.o=+.+|
[   17.206535] cloud-init[655]: |   ..oo  ..+=+E==|
[0;32m  OK  [0m] Started Daily apt download activities.
[   17.206834] cloud-init[655]: +----[SHA256]-----+
[[0;32m  OK  [0m[   17.235746] cloud-init[655]: Generating public/private ecdsa key pair.
[   17.237242] cloud-init[655]: Your identification has been saved in /etc/ssh/ssh_host_ecdsa_key.
[   17.238051] cloud-init[655]: Your public key has been saved in /etc/ssh/ssh_host_ecdsa_key.pub.
[   17.239046] cloud-init[655]: The key fingerprint is:
[   17.240147] cloud-init[655]: SHA256:iJVdyblp3VPqZ7quHKMxmgZhyqYxxcJV37MMzEzmSug root@ubuntu-bionic
[   17.240951] cloud-init[655]: The key's randomart image is:
[   17.241786] cloud-init[655]: +---[ECDSA 256]---+
[   17.242671] cloud-init[655]: |     .. o..o     |
] [   17.243149] Started Daily apt upgrade and clean activities.cloud-init
[655]: |    .. @ o+     .|
[[   17.263236] cloud-init[655]: | . o. + O o+ . o |
[   17.263571] cloud-init[655]: |  o.o+oo o+o. +  |
[0;32m  OK  [0m] Started Daily Cleanup of Temporary Directories.
[   17.263980] cloud-init[655]: |   +Eoo.S.o  . . |
[[   17.300445] cloud-init[655]: |  o + .       . o|
[   17.300707] cloud-init[655]: |   =   .  o o  + |
[0;32m  OK  [0m] Started ACPI Events Check.
[   17.300984] cloud-init[655]: |  .     .o = o.  |
[[0;32m  OK  [0m[   17.334499] cloud-init[655]: |       .o . ooo. |
[   17.335988] cloud-init[655]: +----[SHA256]-----+
[   17.336894] cloud-init[655]: Generating public/private ed25519 key pair.
[   17.337747] cloud-init[655]: Your identification has been saved in /etc/ssh/ssh_host_ed25519_key.
[   17.338627] cloud-init[655]: Your public key has been saved in /etc/ssh/ssh_host_ed25519_key.pub.
[   17.339527] cloud-init[655]: The key fingerprint is:
[   17.340886] cloud-init[655]: SHA256:VtyE3SjeJ7qunzGqVPPeazyoZtuaQ8/lbKnGzk2rjdw root@ubuntu-bionic
[   17.341738] cloud-init[655]: The key's randomart image is:
[   17.342679] cloud-init[655]: +--[ED25519 256]--+
] Listening on Open-iSCSI iscsid Socket.
[   17.343170] cloud-init[655]: |           o.o   |
[   17.371890] cloud-init[655]: |         .ooo .  |
[   17.374101] cloud-init[655]: |         .oo.    |
[   17.376276] cloud-init[655]: |         .. o .  |
[   17.377619] cloud-init[655]: |        S  . o   |
[   17.379002] cloud-init[655]: |       o.o. .    |
[   17.380344] cloud-init[655]: |      .. ++B..   |
[   17.381565] cloud-init[655]: |     .  +BB@O.   |
         Starting LXD - unix socket.
[[0;32m  OK  [0m] Listening on ACPID Listen Socket.
[[0;32m  OK  [0m] Started Message of the Day.
[[0;32m  OK  [0m[   17.384942] ] cloud-initListening on D-Bus System Message Bus Socket.[655]: 
|      .+B@&=Eo   |
[[   17.483636] cloud-init[655]: +----[SHA256]-----+
[0;32m  OK  [0m] Started Discard unused blocks once a week.
[[0;32m  OK  [0m] Reached target Timers.
[[0;32m  OK  [0m] Reached target Paths.
[[0;32m  OK  [0m] Reached target Network is Online.
[[0;32m  OK  [0m] Reached target Remote File Systems (Pre).
[[0;32m  OK  [0m] Reached target Remote File Systems.
         Starting Availability of block devices...
[[0;32m  OK  [0m] Listening on Socket activation for snappy daemon.
[[0;32m  OK  [0m] Listening on LXD - unix socket.
[[0;32m  OK  [0m] Started Availability of block devices.
[[0;32m  OK  [0m] Reached target Sockets.
[[0;32m  OK  [0m] Reached target Basic System.
         Starting Dispatcher daemon for systemd-networkd...
         Starting Accounts Service...
         Starting Permit User Sessions...
         Starting Pollinate to seed the pseudo random number generator...
[[0;32m  OK  [0m] Started Regular background program processing daemon.
[[0;32m  OK  [0m] Started FUSE filesystem for LXC.
[[0;32m  OK  [0m] Started D-Bus System Message Bus.
[[0;32m  OK  [0m] Started Deferred execution scheduler.
         Starting System Logging Service...
[[0;32m  OK  [0m] Started irqbalance daemon.
         Starting LXD - container startup/shutdown...
         Starting Login Service...
         Starting LSB: automatic crash report generation...
         Starting Virtualbox guest utils...
         Starting Snappy daemon...
         Starting LSB: Record successful boot for GRUB...
[[0;32m  OK  [0m] Started Dispatcher daemon for systemd-networkd.
[[0;32m  OK  [0m] Started System Logging Service.
[[0;32m  OK  [0m] Started Permit User Sessions.
[[0;32m  OK  [0m] Started LXD - container startup/shutdown.
[[0;32m  OK  [0m] Started Login Service.
[[0;32m  OK  [0m] Started Unattended Upgrades Shutdown.
         Starting Authorization Manager...
         Starting Hold until boot process finishes up...
         Starting Terminate Plymouth Boot Screen...
[[0;32m  OK  [0m] Started LSB: automatic crash report generation.
[[0;32m  OK  [0m] Started Virtualbox guest utils.
[[0;32m  OK  [0m] Started Hold until boot process finishes up.
[[0;32m  OK  [0m] Started Terminate Plymouth Boot Screen.
[[0;32m  OK  [0m] Started Authorization Manager.
[[0;32m  OK  [0m] Started Accounts Service.
         Starting Set console scheme...
[[0;32m  OK  [0m] Started Serial Getty on ttyS0.
[[0;32m  OK  [0m] Started Set console scheme.
[[0;32m  OK  [0m] Created slice system-getty.slice.
[[0;32m  OK  [0m] Started Getty on tty1.
[[0;32m  OK  [0m] Reached target Login Prompts.
[[0;32m  OK  [0m] Started LSB: Record successful boot for GRUB.
[[0;32m  OK  [0m] Started Snappy daemon.
         Starting Wait until snapd is fully seeded...
[[0;32m  OK  [0m] Started Pollinate to seed the pseudo random number generator.
         Starting OpenBSD Secure Shell server...
[[0;32m  OK  [0m] Started OpenBSD Secure Shell server.
[[0;32m  OK  [0m] Started Wait until snapd is fully seeded.
         Starting Apply the settings specified in cloud-config...
[[0;32m  OK  [0m] Reached target Multi-User System.
[[0;32m  OK  [0m] Reached target Graphical Interface.
         Starting Update UTMP about System Runlevel Changes...
[[0;32m  OK  [0m] Started Update UTMP about System Runlevel Changes.
[   19.682372] cloud-init[1264]: Cloud-init v. 19.4-33-gbb4131a2-0ubuntu1~18.04.1 running 'modules:config' at Thu, 09 Apr 2020 19:33:04 +0000. Up 19.38 seconds.
[[0;32m  OK  [0m] Started Apply the settings specified in cloud-config.
         Starting Execute cloud user/final scripts...
ci-info: no authorized SSH keys fingerprints found for user ubuntu.
<14>Apr  9 19:33:05 ec2: 
<14>Apr  9 19:33:05 ec2: #############################################################
<14>Apr  9 19:33:05 ec2: -----BEGIN SSH HOST KEY FINGERPRINTS-----
<14>Apr  9 19:33:05 ec2: 1024 SHA256:ZoM6+yzGdQ0/VYt76drns9cFRzwXVdYj/6cjkt7m2/A root@ubuntu-bionic (DSA)
<14>Apr  9 19:33:05 ec2: 256 SHA256:iJVdyblp3VPqZ7quHKMxmgZhyqYxxcJV37MMzEzmSug root@ubuntu-bionic (ECDSA)
<14>Apr  9 19:33:05 ec2: 256 SHA256:VtyE3SjeJ7qunzGqVPPeazyoZtuaQ8/lbKnGzk2rjdw root@ubuntu-bionic (ED25519)
<14>Apr  9 19:33:05 ec2: 2048 SHA256:gqZyOoZg0TsjQeBbTSkzMWGRqVyjxfsUwbcLyvqokNo root@ubuntu-bionic (RSA)
<14>Apr  9 19:33:05 ec2: -----END SSH HOST KEY FINGERPRINTS-----
<14>Apr  9 19:33:05 ec2: #############################################################
-----BEGIN SSH HOST KEY KEYS-----
ecdsa-sha2-nistp256 AAAAE2VjZHNhLXNoYTItbmlzdHAyNTYAAAAIbmlzdHAyNTYAAABBBHyxX3xWv+DNYhY6L76uFiowGj5DEqboexlZgO8EaI+OpQRxsOfvUoi4ttC03T/4lQ+9abwp+4/LdnSkNih4RDE= root@ubuntu-bionic
ssh-ed25519 AAAAC3NzaC1lZDI1NTE5AAAAIBDMjreNJx2LKcp0l7KJ6stlLmzBcmFnUlicMhybXaLZ root@ubuntu-bionic
ssh-rsa AAAAB3NzaC1yc2EAAAADAQABAAABAQCsadQuz/5xc+2xk/eCh7s19d+eHCTGhkacvhIwNM7UUkodtk6Tu3PWigUCpqVPbxVO0dFioiF43fcnrt0P1JMRicUVZR+HS1matwpfDim1xe1I0oSDb4XZAL3kT+UkulEIf8C4p7gp6sSYiGA0CpAZqUE+62ysFwIra2dcv9JiwwCwAXKiJw1zZNjda9i6uVozWnBCX4ZOUm+OFRoeffxa/QLsCLby30PIT02+S+VmOpJyrQcurBYCAos3XxuFc3CpmgtiF+B4QkxZ9sN4Km2aDbkN/auSwu9UwsjYdlPcKCqqV4P4moYAMrIDesVK4MinVWa3A0AGJCKF7ynyFGBZ root@ubuntu-bionic
-----END SSH HOST KEY KEYS-----
[   20.263902] cloud-init[1326]: Cloud-init v. 19.4-33-gbb4131a2-0ubuntu1~18.04.1 running 'modules:final' at Thu, 09 Apr 2020 19:33:05 +0000. Up 20.02 seconds.
[   20.267988] cloud-init[1326]: ci-info: no authorized SSH keys fingerprints found for user ubuntu.
[   20.270960] cloud-init[1326]: Cloud-init v. 19.4-33-gbb4131a2-0ubuntu1~18.04.1 finished at Thu, 09 Apr 2020 19:33:05 +0000. Datasource DataSourceNoCloud [seed=/dev/sdb][dsmode=net].  Up 20.24 seconds
[[0;32m  OK  [0m] Started Execute cloud user/final scripts.
[[0;32m  OK  [0m] Reached target Cloud-init target.

Ubuntu 18.04.4 LTS ubuntu-bionic ttyS0

ubuntu-bionic login: 